<?xml version="1.0" encoding="UTF-8"?>
<!-- Generated by org.testng.reporters.JUnitReportReporter -->
<testsuite skipped="0" hostname="LAPTOP-KFV0PSKR" name="testCases.PendingLeaveRequestsTest" tests="1" failures="0" timestamp="2020-05-08T19:51:47 IST" time="1.822" errors="0">
  <testcase name="verifyPendingLeaveRequests" time="1.822" classname="testCases.PendingLeaveRequestsTest"/>
  <system-out/>
</testsuite> <!-- testCases.PendingLeaveRequestsTest -->
