<?xml version="1.0" encoding="UTF-8"?>
<!-- Generated by org.testng.reporters.JUnitReportReporter -->
<testsuite skipped="0" hostname="LAPTOP-KFV0PSKR" name="testCases.LoginTest" tests="1" failures="0" timestamp="2020-05-08T19:51:47 IST" time="3.010" errors="0">
  <testcase name="loginTest" time="3.010" classname="testCases.LoginTest"/>
  <system-out/>
</testsuite> <!-- testCases.LoginTest -->
